srun: defined options
srun: -------------------- --------------------
srun: (null)              : d05-[15,26],d11-[33-34],d18-[04-08,13,32-34],d22-52,d23-10,e21-[12-14],e22-[14-15]
srun: export              : NONE
srun: jobid               : 767133
srun: job-name            : discovery_cvms5_z1.0_complete.slurm
srun: mem                 : 61952
srun: mpi                 : pmi2
srun: nodes               : 20
srun: ntasks              : 40
srun: verbose             : 1
srun: -------------------- --------------------
srun: end of defined options
srun: jobid 767133: nodes(20):`d05-[15,26],d11-[33-34],d18-[04-08,13,32-34],d22-52,d23-10,e21-[12-14],e22-[14-15]', cpu counts: 1(x4),20(x1),2(x1),1(x14)
srun: CpuBindType=(null type)
srun: launching 767133.0 on host d05-15, 1 tasks: 0
srun: launching 767133.0 on host d05-26, 1 tasks: 1
srun: launching 767133.0 on host d11-33, 1 tasks: 2
srun: launching 767133.0 on host d11-34, 1 tasks: 3
srun: launching 767133.0 on host d18-04, 20 tasks: [4-23]
srun: launching 767133.0 on host d18-05, 2 tasks: [24-25]
srun: launching 767133.0 on host d18-06, 1 tasks: 26
srun: launching 767133.0 on host d18-07, 1 tasks: 27
srun: launching 767133.0 on host d18-08, 1 tasks: 28
srun: launching 767133.0 on host d18-13, 1 tasks: 29
srun: launching 767133.0 on host d18-32, 1 tasks: 30
srun: launching 767133.0 on host d18-33, 1 tasks: 31
srun: launching 767133.0 on host d18-34, 1 tasks: 32
srun: launching 767133.0 on host d22-52, 1 tasks: 33
srun: launching 767133.0 on host d23-10, 1 tasks: 34
srun: launching 767133.0 on host e21-12, 1 tasks: 35
srun: launching 767133.0 on host e21-13, 1 tasks: 36
srun: launching 767133.0 on host e21-14, 1 tasks: 37
srun: launching 767133.0 on host e22-14, 1 tasks: 38
srun: launching 767133.0 on host e22-15, 1 tasks: 39
srun: route default plugin loaded
srun: Node e21-14, 1 tasks started
srun: Node e22-15, 1 tasks started
srun: Node d05-26, 1 tasks started
srun: Node e21-13, 1 tasks started
srun: Node e22-14, 1 tasks started
srun: Node d23-10, 1 tasks started
srun: Node e21-12, 1 tasks started
srun: Node d18-06, 1 tasks started
srun: Node d18-08, 1 tasks started
srun: Node d05-15, 1 tasks started
srun: Node d18-07, 1 tasks started
srun: Node d18-05, 2 tasks started
/project/scec_608/mei/ucvm_19_4/UCVM/examples/mpi/discovery/basin/basin_query_mpi_complete: error while loading shared libraries: libcvmsi.so: cannot open shared object file: No such file or directory
/project/scec_608/mei/ucvm_19_4/UCVM/examples/mpi/discovery/basin/basin_query_mpi_complete: error while loading shared libraries: libcvmsi.so: cannot open shared object file: No such file or directory
/project/scec_608/mei/ucvm_19_4/UCVM/examples/mpi/discovery/basin/basin_query_mpi_complete: error while loading shared libraries: libcvmsi.so: cannot open shared object file: No such file or directory
/project/scec_608/mei/ucvm_19_4/UCVM/examples/mpi/discovery/basin/basin_query_mpi_complete: error while loading shared libraries: libcvmsi.so: cannot open shared object file: No such file or directory
/project/scec_608/mei/ucvm_19_4/UCVM/examples/mpi/discovery/basin/basin_query_mpi_complete: error while loading shared libraries: libcvmsi.so: cannot open shared object file: No such file or directory
/project/scec_608/mei/ucvm_19_4/UCVM/examples/mpi/discovery/basin/basin_query_mpi_complete: error while loading shared libraries: libcvmsi.so: cannot open shared object file: No such file or directory
/project/scec_608/mei/ucvm_19_4/UCVM/examples/mpi/discovery/basin/basin_query_mpi_complete: error while loading shared libraries: libcvmsi.so: cannot open shared object file: No such file or directory
/project/scec_608/mei/ucvm_19_4/UCVM/examples/mpi/discovery/basin/basin_query_mpi_complete: error while loading shared libraries: libcvmsi.so: cannot open shared object file: No such file or directory
/project/scec_608/mei/ucvm_19_4/UCVM/examples/mpi/discovery/basin/basin_query_mpi_complete: error while loading shared libraries: libcvmsi.so: cannot open shared object file: No such file or directory
/project/scec_608/mei/ucvm_19_4/UCVM/examples/mpi/discovery/basin/basin_query_mpi_complete: error while loading shared libraries: libcvmsi.so: cannot open shared object file: No such file or directory
/project/scec_608/mei/ucvm_19_4/UCVM/examples/mpi/discovery/basin/basin_query_mpi_complete: error while loading shared libraries: libcvmsi.so: cannot open shared object file: No such file or directory
/project/scec_608/mei/ucvm_19_4/UCVM/examples/mpi/discovery/basin/basin_query_mpi_complete: error while loading shared libraries: libcvmsi.so: cannot open shared object file: No such file or directory
/project/scec_608/mei/ucvm_19_4/UCVM/examples/mpi/discovery/basin/basin_query_mpi_complete: error while loading shared libraries: libcvmsi.so: cannot open shared object file: No such file or directory
srun: Node d18-13, 1 tasks started
srun: Node d18-32, 1 tasks started
srun: Node d18-34, 1 tasks started
srun: Node d18-33, 1 tasks started
srun: Node d22-52, 1 tasks started
srun: Received task exit notification for 1 task of step 767133.0 (status=0x7f00).
srun: error: e21-14: task 37: Exited with exit code 127
srun: Received task exit notification for 1 task of step 767133.0 (status=0x7f00).
srun: error: e22-14: task 38: Exited with exit code 127
srun: Received task exit notification for 1 task of step 767133.0 (status=0x7f00).
srun: error: e22-15: task 39: Exited with exit code 127
srun: Received task exit notification for 1 task of step 767133.0 (status=0x7f00).
srun: error: e21-13: task 36: Exited with exit code 127
srun: Received task exit notification for 1 task of step 767133.0 (status=0x7f00).
srun: error: d23-10: task 34: Exited with exit code 127
srun: Received task exit notification for 1 task of step 767133.0 (status=0x7f00).
srun: error: d05-15: task 0: Exited with exit code 127
/project/scec_608/mei/ucvm_19_4/UCVM/examples/mpi/discovery/basin/basin_query_mpi_complete: error while loading shared libraries: libcvmsi.so: cannot open shared object file: No such file or directory
/project/scec_608/mei/ucvm_19_4/UCVM/examples/mpi/discovery/basin/basin_query_mpi_complete: error while loading shared libraries: libcvmsi.so: cannot open shared object file: No such file or directory
/project/scec_608/mei/ucvm_19_4/UCVM/examples/mpi/discovery/basin/basin_query_mpi_complete: error while loading shared libraries: libcvmsi.so: cannot open shared object file: No such file or directory
/project/scec_608/mei/ucvm_19_4/UCVM/examples/mpi/discovery/basin/basin_query_mpi_complete: error while loading shared libraries: libcvmsi.so: cannot open shared object file: No such file or directory
/project/scec_608/mei/ucvm_19_4/UCVM/examples/mpi/discovery/basin/basin_query_mpi_complete: error while loading shared libraries: libcvmsi.so: cannot open shared object file: No such file or directory
srun: Received task exit notification for 1 task of step 767133.0 (status=0x7f00).
srun: error: e21-12: task 35: Exited with exit code 127
srun: Node d18-04, 20 tasks started
srun: Received task exit notification for 1 task of step 767133.0 (status=0x7f00).
srun: error: d18-06: task 26: Exited with exit code 127
srun: Received task exit notification for 1 task of step 767133.0 (status=0x7f00).
srun: error: d05-26: task 1: Exited with exit code 127
srun: Received task exit notification for 1 task of step 767133.0 (status=0x7f00).
srun: error: d18-08: task 28: Exited with exit code 127
srun: Received task exit notification for 1 task of step 767133.0 (status=0x7f00).
srun: error: d18-07: task 27: Exited with exit code 127
/project/scec_608/mei/ucvm_19_4/UCVM/examples/mpi/discovery/basin/basin_query_mpi_complete: error while loading shared libraries: libcvmsi.so: cannot open shared object file: No such file or directory
/project/scec_608/mei/ucvm_19_4/UCVM/examples/mpi/discovery/basin/basin_query_mpi_complete: error while loading shared libraries: libcvmsi.so: cannot open shared object file: No such file or directory
/project/scec_608/mei/ucvm_19_4/UCVM/examples/mpi/discovery/basin/basin_query_mpi_complete: error while loading shared libraries: libcvmsi.so: cannot open shared object file: No such file or directory
/project/scec_608/mei/ucvm_19_4/UCVM/examples/mpi/discovery/basin/basin_query_mpi_complete: error while loading shared libraries: libcvmsi.so: cannot open shared object file: No such file or directory
srun: Node d11-34, 1 tasks started
srun: Node d11-33, 1 tasks started
srun: Received task exit notification for 1 task of step 767133.0 (status=0x7f00).
srun: error: d18-13: task 29: Exited with exit code 127
srun: Received task exit notification for 1 task of step 767133.0 (status=0x7f00).
srun: error: d18-33: task 31: Exited with exit code 127
/project/scec_608/mei/ucvm_19_4/UCVM/examples/mpi/discovery/basin/basin_query_mpi_complete: error while loading shared libraries: libcvmsi.so: cannot open shared object file: No such file or directory
srun: Received task exit notification for 1 task of step 767133.0 (status=0x7f00).
srun: error: d18-32: task 30: Exited with exit code 127
srun: Received task exit notification for 1 task of step 767133.0 (status=0x7f00).
srun: error: d18-34: task 32: Exited with exit code 127
/project/scec_608/mei/ucvm_19_4/UCVM/examples/mpi/discovery/basin/basin_query_mpi_complete: error while loading shared libraries: libcvmsi.so: cannot open shared object file: No such file or directory
srun: Received task exit notification for 1 task of step 767133.0 (status=0x7f00).
srun: error: d22-52: task 33: Exited with exit code 127
srun: Received task exit notification for 1 task of step 767133.0 (status=0x7f00).
srun: error: d11-34: task 3: Exited with exit code 127
srun: Received task exit notification for 1 task of step 767133.0 (status=0x7f00).
srun: error: d11-33: task 2: Exited with exit code 127
/project/scec_608/mei/ucvm_19_4/UCVM/examples/mpi/discovery/basin/basin_query_mpi_complete: error while loading shared libraries: libcvmsi.so: cannot open shared object file: No such file or directory
/project/scec_608/mei/ucvm_19_4/UCVM/examples/mpi/discovery/basin/basin_query_mpi_complete: error while loading shared libraries: libcvmsi.so: cannot open shared object file: No such file or directory
/project/scec_608/mei/ucvm_19_4/UCVM/examples/mpi/discovery/basin/basin_query_mpi_complete: error while loading shared libraries: libcvmsi.so: cannot open shared object file: No such file or directory
/project/scec_608/mei/ucvm_19_4/UCVM/examples/mpi/discovery/basin/basin_query_mpi_complete: error while loading shared libraries: libcvmsi.so: cannot open shared object file: No such file or directory
/project/scec_608/mei/ucvm_19_4/UCVM/examples/mpi/discovery/basin/basin_query_mpi_complete: error while loading shared libraries: libcvmsi.so: cannot open shared object file: No such file or directory
/project/scec_608/mei/ucvm_19_4/UCVM/examples/mpi/discovery/basin/basin_query_mpi_complete: error while loading shared libraries: libcvmsi.so: cannot open shared object file: No such file or directory
/project/scec_608/mei/ucvm_19_4/UCVM/examples/mpi/discovery/basin/basin_query_mpi_complete: error while loading shared libraries: libcvmsi.so: cannot open shared object file: No such file or directory
/project/scec_608/mei/ucvm_19_4/UCVM/examples/mpi/discovery/basin/basin_query_mpi_complete: error while loading shared libraries: libcvmsi.so: cannot open shared object file: No such file or directory
/project/scec_608/mei/ucvm_19_4/UCVM/examples/mpi/discovery/basin/basin_query_mpi_complete: error while loading shared libraries: libcvmsi.so: cannot open shared object file: No such file or directory
/project/scec_608/mei/ucvm_19_4/UCVM/examples/mpi/discovery/basin/basin_query_mpi_complete: error while loading shared libraries: libcvmsi.so: cannot open shared object file: No such file or directory
/project/scec_608/mei/ucvm_19_4/UCVM/examples/mpi/discovery/basin/basin_query_mpi_complete: error while loading shared libraries: libcvmsi.so: cannot open shared object file: No such file or directory
/project/scec_608/mei/ucvm_19_4/UCVM/examples/mpi/discovery/basin/basin_query_mpi_complete: error while loading shared libraries: libcvmsi.so: cannot open shared object file: No such file or directory
/project/scec_608/mei/ucvm_19_4/UCVM/examples/mpi/discovery/basin/basin_query_mpi_complete: error while loading shared libraries: libcvmsi.so: cannot open shared object file: No such file or directory
/project/scec_608/mei/ucvm_19_4/UCVM/examples/mpi/discovery/basin/basin_query_mpi_complete: error while loading shared libraries: libcvmsi.so: cannot open shared object file: No such file or directory
/project/scec_608/mei/ucvm_19_4/UCVM/examples/mpi/discovery/basin/basin_query_mpi_complete: error while loading shared libraries: libcvmsi.so: cannot open shared object file: No such file or directory
/project/scec_608/mei/ucvm_19_4/UCVM/examples/mpi/discovery/basin/basin_query_mpi_complete: error while loading shared libraries: libcvmsi.so: cannot open shared object file: No such file or directory
srun: Received task exit notification for 2 tasks of step 767133.0 (status=0x7f00).
srun: error: d18-05: tasks 24-25: Exited with exit code 127
srun: Received task exit notification for 20 tasks of step 767133.0 (status=0x7f00).
srun: error: d18-04: tasks 4-23: Exited with exit code 127
