srun: defined options
srun: -------------------- --------------------
srun: (null)              : d11-39
srun: export              : NONE
srun: jobid               : 770029
srun: job-name            : r.slurm
srun: mem                 : 91952
srun: nodes               : 1
srun: ntasks              : 2
srun: verbose             : 1
srun: -------------------- --------------------
srun: end of defined options
srun: jobid 770029: nodes(1):`d11-39', cpu counts: 2(x1)
srun: CpuBindType=(null type)
srun: launching 770029.0 on host d11-39, 2 tasks: [0-1]
srun: route default plugin loaded
srun: Node d11-39, 2 tasks started
slurmstepd: error: execve(): ldd: No such file or directory
slurmstepd: error: execve(): ldd: No such file or directory
srun: Received task exit notification for 2 tasks of step 770029.0 (status=0x0200).
srun: error: d11-39: tasks 0-1: Exited with exit code 2
