Metadata:
x:1701
y:1101
lat1:31.000000
lat2: 36.505001
lon1: -121.000000
lon2: -112.495003
spacing: 0.005000
cvm_selected: cvms5

params: -b 31.000000,-121.000000 -u 36.505001,-112.495003 -c cvms5 -s 0.005000 -x 1701 -y 1101
Current line: 1. Progress: 0.09%
Current line: 0. Progress: 0.00%
Current line: 2. Progress: 0.18%
Current line: 3. Progress: 0.27%
Current line: 4. Progress: 0.36%
Current line: 5. Progress: 0.45%
Current line: 6. Progress: 0.54%
Current line: 7. Progress: 0.64%
Current line: 8. Progress: 0.73%
Current line: 9. Progress: 0.82%
Current line: 10. Progress: 0.91%
Current line: 11. Progress: 1.00%
Current line: 13. Progress: 1.18%
Current line: 12. Progress: 1.09%
Current line: 14. Progress: 1.27%
Current line: 15. Progress: 1.36%
Current line: 16. Progress: 1.45%
Current line: 17. Progress: 1.54%
Current line: 18. Progress: 1.63%
Current line: 19. Progress: 1.73%
Current line: 20. Progress: 1.82%
Current line: 21. Progress: 1.91%
Current line: 23. Progress: 2.09%
Current line: 22. Progress: 2.00%
Current line: 24. Progress: 2.18%
Current line: 25. Progress: 2.27%
Current line: 27. Progress: 2.45%
Current line: 26. Progress: 2.36%
Current line: 28. Progress: 2.54%
Current line: 29. Progress: 2.63%
Current line: 31. Progress: 2.82%
Current line: 30. Progress: 2.72%
Current line: 32. Progress: 2.91%
Current line: 33. Progress: 3.00%
Current line: 35. Progress: 3.18%
Current line: 34. Progress: 3.09%
Current line: 36. Progress: 3.27%
Current line: 37. Progress: 3.36%
Current line: 38. Progress: 3.45%
Current line: 39. Progress: 3.54%
Current line: 41. Progress: 3.72%
Current line: 40. Progress: 3.63%
Current line: 42. Progress: 3.81%
Current line: 43. Progress: 3.91%
Current line: 45. Progress: 4.09%
Current line: 44. Progress: 4.00%
Current line: 47. Progress: 4.27%
Current line: 46. Progress: 4.18%
Current line: 49. Progress: 4.45%
Current line: 48. Progress: 4.36%
Current line: 51. Progress: 4.63%
Current line: 50. Progress: 4.54%
Current line: 53. Progress: 4.81%
Current line: 52. Progress: 4.72%
Current line: 55. Progress: 5.00%
Current line: 54. Progress: 4.90%
Current line: 57. Progress: 5.18%
Current line: 56. Progress: 5.09%
Current line: 59. Progress: 5.36%
Current line: 58. Progress: 5.27%
Current line: 61. Progress: 5.54%
Current line: 60. Progress: 5.45%
Current line: 63. Progress: 5.72%
Current line: 62. Progress: 5.63%
Current line: 65. Progress: 5.90%
Current line: 64. Progress: 5.81%
Current line: 67. Progress: 6.09%
Current line: 66. Progress: 5.99%
Current line: 69. Progress: 6.27%
Current line: 68. Progress: 6.18%
Current line: 71. Progress: 6.45%
Current line: 70. Progress: 6.36%
Current line: 73. Progress: 6.63%
Current line: 72. Progress: 6.54%
Current line: 75. Progress: 6.81%
Current line: 74. Progress: 6.72%
Current line: 77. Progress: 6.99%
Current line: 76. Progress: 6.90%
Current line: 79. Progress: 7.18%
Current line: 78. Progress: 7.08%
Current line: 81. Progress: 7.36%
Current line: 80. Progress: 7.27%
Current line: 83. Progress: 7.54%
Current line: 82. Progress: 7.45%
Current line: 85. Progress: 7.72%
Current line: 84. Progress: 7.63%
Current line: 87. Progress: 7.90%
Current line: 86. Progress: 7.81%
Current line: 89. Progress: 8.08%
Current line: 88. Progress: 7.99%
Current line: 91. Progress: 8.27%
Current line: 90. Progress: 8.17%
Current line: 93. Progress: 8.45%
Current line: 92. Progress: 8.36%
Current line: 95. Progress: 8.63%
Current line: 94. Progress: 8.54%
Current line: 97. Progress: 8.81%
Current line: 96. Progress: 8.72%
Current line: 99. Progress: 8.99%
Current line: 98. Progress: 8.90%
Current line: 101. Progress: 9.17%
Current line: 100. Progress: 9.08%
Current line: 103. Progress: 9.36%
Current line: 102. Progress: 9.26%
Current line: 105. Progress: 9.54%
Current line: 104. Progress: 9.45%
Current line: 107. Progress: 9.72%
Current line: 106. Progress: 9.63%
Current line: 109. Progress: 9.90%
Current line: 108. Progress: 9.81%
Current line: 111. Progress: 10.08%
Current line: 110. Progress: 9.99%
Current line: 113. Progress: 10.26%
Current line: 112. Progress: 10.17%
Current line: 115. Progress: 10.45%
Current line: 114. Progress: 10.35%
Current line: 117. Progress: 10.63%
Current line: 116. Progress: 10.54%
Current line: 119. Progress: 10.81%
Current line: 118. Progress: 10.72%
Current line: 121. Progress: 10.99%
Current line: 120. Progress: 10.90%
Current line: 123. Progress: 11.17%
Current line: 122. Progress: 11.08%
Current line: 125. Progress: 11.35%
Current line: 124. Progress: 11.26%
Current line: 127. Progress: 11.53%
Current line: 126. Progress: 11.44%
Current line: 129. Progress: 11.72%
Current line: 128. Progress: 11.63%
Current line: 131. Progress: 11.90%
Current line: 130. Progress: 11.81%
Current line: 133. Progress: 12.08%
Current line: 132. Progress: 11.99%
Current line: 135. Progress: 12.26%
Current line: 134. Progress: 12.17%
Current line: 137. Progress: 12.44%
Current line: 136. Progress: 12.35%
Current line: 139. Progress: 12.62%
Current line: 138. Progress: 12.53%
Current line: 141. Progress: 12.81%
Current line: 140. Progress: 12.72%
Current line: 143. Progress: 12.99%
Current line: 142. Progress: 12.90%
Current line: 145. Progress: 13.17%
Current line: 144. Progress: 13.08%
Current line: 147. Progress: 13.35%
Current line: 146. Progress: 13.26%
Current line: 149. Progress: 13.53%
Current line: 148. Progress: 13.44%
Current line: 151. Progress: 13.71%
Current line: 150. Progress: 13.62%
Current line: 153. Progress: 13.90%
Current line: 152. Progress: 13.81%
Current line: 155. Progress: 14.08%
Current line: 154. Progress: 13.99%
Current line: 157. Progress: 14.26%
Current line: 156. Progress: 14.17%
Current line: 159. Progress: 14.44%
Current line: 158. Progress: 14.35%
Current line: 161. Progress: 14.62%
Current line: 160. Progress: 14.53%
Current line: 163. Progress: 14.80%
Current line: 162. Progress: 14.71%
Current line: 165. Progress: 14.99%
Current line: 164. Progress: 14.90%
Current line: 167. Progress: 15.17%
Current line: 166. Progress: 15.08%
Current line: 169. Progress: 15.35%
Current line: 168. Progress: 15.26%
Current line: 171. Progress: 15.53%
Current line: 170. Progress: 15.44%
Current line: 173. Progress: 15.71%
Current line: 172. Progress: 15.62%
Current line: 175. Progress: 15.89%
Current line: 174. Progress: 15.80%
Current line: 177. Progress: 16.08%
Current line: 176. Progress: 15.99%
Current line: 179. Progress: 16.26%
Current line: 178. Progress: 16.17%
Current line: 181. Progress: 16.44%
Current line: 180. Progress: 16.35%
Current line: 183. Progress: 16.62%
Current line: 182. Progress: 16.53%
Current line: 185. Progress: 16.80%
Current line: 184. Progress: 16.71%
Current line: 187. Progress: 16.98%
Current line: 186. Progress: 16.89%
Current line: 189. Progress: 17.17%
Current line: 188. Progress: 17.08%
Current line: 191. Progress: 17.35%
Current line: 190. Progress: 17.26%
Current line: 193. Progress: 17.53%
Current line: 192. Progress: 17.44%
Current line: 195. Progress: 17.71%
Current line: 194. Progress: 17.62%
Current line: 197. Progress: 17.89%
Current line: 196. Progress: 17.80%
Current line: 199. Progress: 18.07%
Current line: 198. Progress: 17.98%
Current line: 201. Progress: 18.26%
Current line: 200. Progress: 18.17%
Current line: 203. Progress: 18.44%
Current line: 202. Progress: 18.35%
Current line: 205. Progress: 18.62%
Current line: 204. Progress: 18.53%
Current line: 207. Progress: 18.80%
Current line: 206. Progress: 18.71%
Current line: 209. Progress: 18.98%
Current line: 208. Progress: 18.89%
Current line: 211. Progress: 19.16%
Current line: 210. Progress: 19.07%
Current line: 213. Progress: 19.35%
Current line: 212. Progress: 19.26%
Current line: 215. Progress: 19.53%
Current line: 214. Progress: 19.44%
Current line: 217. Progress: 19.71%
Current line: 216. Progress: 19.62%
Current line: 219. Progress: 19.89%
Current line: 218. Progress: 19.80%
Current line: 221. Progress: 20.07%
Current line: 220. Progress: 19.98%
Current line: 223. Progress: 20.25%
Current line: 222. Progress: 20.16%
Current line: 225. Progress: 20.44%
Current line: 224. Progress: 20.35%
Current line: 227. Progress: 20.62%
Current line: 226. Progress: 20.53%
Current line: 229. Progress: 20.80%
Current line: 228. Progress: 20.71%
Current line: 231. Progress: 20.98%
Current line: 230. Progress: 20.89%
Current line: 233. Progress: 21.16%
Current line: 232. Progress: 21.07%
Current line: 235. Progress: 21.34%
Current line: 234. Progress: 21.25%
Current line: 237. Progress: 21.53%
Current line: 236. Progress: 21.44%
Current line: 239. Progress: 21.71%
Current line: 238. Progress: 21.62%
Current line: 241. Progress: 21.89%
Current line: 240. Progress: 21.80%
Current line: 243. Progress: 22.07%
Current line: 242. Progress: 21.98%
Current line: 245. Progress: 22.25%
Current line: 244. Progress: 22.16%
Current line: 247. Progress: 22.43%
Current line: 246. Progress: 22.34%
Current line: 249. Progress: 22.62%
Current line: 248. Progress: 22.52%
Current line: 251. Progress: 22.80%
Current line: 250. Progress: 22.71%
Current line: 253. Progress: 22.98%
Current line: 252. Progress: 22.89%
Current line: 255. Progress: 23.16%
Current line: 254. Progress: 23.07%
Current line: 257. Progress: 23.34%
Current line: 256. Progress: 23.25%
Current line: 259. Progress: 23.52%
Current line: 258. Progress: 23.43%
Current line: 261. Progress: 23.71%
Current line: 260. Progress: 23.61%
Current line: 263. Progress: 23.89%
Current line: 262. Progress: 23.80%
Current line: 265. Progress: 24.07%
Current line: 264. Progress: 23.98%
Current line: 267. Progress: 24.25%
Current line: 266. Progress: 24.16%
Current line: 269. Progress: 24.43%
Current line: 268. Progress: 24.34%
Current line: 271. Progress: 24.61%
Current line: 270. Progress: 24.52%
Current line: 273. Progress: 24.80%
Current line: 272. Progress: 24.70%
Current line: 275. Progress: 24.98%
Current line: 274. Progress: 24.89%
Current line: 277. Progress: 25.16%
Current line: 276. Progress: 25.07%
Current line: 279. Progress: 25.34%
Current line: 278. Progress: 25.25%
Current line: 281. Progress: 25.52%
Current line: 280. Progress: 25.43%
Current line: 283. Progress: 25.70%
Current line: 282. Progress: 25.61%
Current line: 285. Progress: 25.89%
Current line: 284. Progress: 25.79%
Current line: 287. Progress: 26.07%
Current line: 286. Progress: 25.98%
Current line: 289. Progress: 26.25%
Current line: 288. Progress: 26.16%
Current line: 291. Progress: 26.43%
Current line: 290. Progress: 26.34%
Current line: 293. Progress: 26.61%
Current line: 292. Progress: 26.52%
Current line: 295. Progress: 26.79%
Current line: 294. Progress: 26.70%
Current line: 297. Progress: 26.98%
Current line: 296. Progress: 26.88%
Current line: 299. Progress: 27.16%
Current line: 298. Progress: 27.07%
Current line: 301. Progress: 27.34%
Current line: 300. Progress: 27.25%
Current line: 303. Progress: 27.52%
Current line: 302. Progress: 27.43%
Current line: 305. Progress: 27.70%
Current line: 304. Progress: 27.61%
Current line: 307. Progress: 27.88%
Current line: 306. Progress: 27.79%
Current line: 309. Progress: 28.07%
Current line: 308. Progress: 27.97%
Current line: 311. Progress: 28.25%
Current line: 310. Progress: 28.16%
Current line: 313. Progress: 28.43%
Current line: 312. Progress: 28.34%
Current line: 315. Progress: 28.61%
Current line: 314. Progress: 28.52%
Current line: 317. Progress: 28.79%
Current line: 316. Progress: 28.70%
Current line: 319. Progress: 28.97%
Current line: 318. Progress: 28.88%
Current line: 321. Progress: 29.16%
Current line: 320. Progress: 29.06%
Current line: 323. Progress: 29.34%
Current line: 322. Progress: 29.25%
Current line: 325. Progress: 29.52%
Current line: 324. Progress: 29.43%
Current line: 327. Progress: 29.70%
Current line: 326. Progress: 29.61%
Current line: 329. Progress: 29.88%
Current line: 328. Progress: 29.79%
Current line: 331. Progress: 30.06%
Current line: 330. Progress: 29.97%
Current line: 333. Progress: 30.25%
Current line: 332. Progress: 30.15%
Current line: 335. Progress: 30.43%
Current line: 334. Progress: 30.34%
Current line: 337. Progress: 30.61%
Current line: 336. Progress: 30.52%
Current line: 339. Progress: 30.79%
Current line: 338. Progress: 30.70%
Current line: 341. Progress: 30.97%
Current line: 340. Progress: 30.88%
Current line: 343. Progress: 31.15%
Current line: 342. Progress: 31.06%
Current line: 345. Progress: 31.34%
Current line: 344. Progress: 31.24%
Current line: 347. Progress: 31.52%
Current line: 346. Progress: 31.43%
Current line: 349. Progress: 31.70%
Current line: 348. Progress: 31.61%
Current line: 351. Progress: 31.88%
Current line: 350. Progress: 31.79%
Current line: 353. Progress: 32.06%
Current line: 352. Progress: 31.97%
Current line: 355. Progress: 32.24%
Current line: 354. Progress: 32.15%
Current line: 357. Progress: 32.43%
Current line: 356. Progress: 32.33%
Current line: 359. Progress: 32.61%
Current line: 358. Progress: 32.52%
Current line: 361. Progress: 32.79%
Current line: 360. Progress: 32.70%
Current line: 363. Progress: 32.97%
Current line: 362. Progress: 32.88%
Current line: 365. Progress: 33.15%
Current line: 364. Progress: 33.06%
Current line: 367. Progress: 33.33%
Current line: 366. Progress: 33.24%
Current line: 369. Progress: 33.51%
Current line: 368. Progress: 33.42%
Current line: 371. Progress: 33.70%
Current line: 370. Progress: 33.61%
Current line: 373. Progress: 33.88%
Current line: 372. Progress: 33.79%
Current line: 375. Progress: 34.06%
Current line: 374. Progress: 33.97%
Current line: 377. Progress: 34.24%
Current line: 376. Progress: 34.15%
Current line: 379. Progress: 34.42%
Current line: 378. Progress: 34.33%
Current line: 381. Progress: 34.60%
Current line: 380. Progress: 34.51%
Current line: 383. Progress: 34.79%
Current line: 382. Progress: 34.70%
Current line: 385. Progress: 34.97%
Current line: 384. Progress: 34.88%
Current line: 387. Progress: 35.15%
Current line: 386. Progress: 35.06%
Current line: 389. Progress: 35.33%
Current line: 388. Progress: 35.24%
Current line: 391. Progress: 35.51%
Current line: 390. Progress: 35.42%
Current line: 393. Progress: 35.69%
Current line: 392. Progress: 35.60%
Current line: 395. Progress: 35.88%
Current line: 394. Progress: 35.79%
Current line: 397. Progress: 36.06%
Current line: 396. Progress: 35.97%
Current line: 399. Progress: 36.24%
Current line: 398. Progress: 36.15%
Current line: 401. Progress: 36.42%
Current line: 400. Progress: 36.33%
Current line: 403. Progress: 36.60%
Current line: 402. Progress: 36.51%
Current line: 405. Progress: 36.78%
Current line: 404. Progress: 36.69%
Current line: 407. Progress: 36.97%
Current line: 406. Progress: 36.88%
Current line: 409. Progress: 37.15%
Current line: 408. Progress: 37.06%
Current line: 411. Progress: 37.33%
Current line: 410. Progress: 37.24%
Current line: 413. Progress: 37.51%
Current line: 412. Progress: 37.42%
Current line: 415. Progress: 37.69%
Current line: 414. Progress: 37.60%
Current line: 417. Progress: 37.87%
Current line: 416. Progress: 37.78%
Current line: 419. Progress: 38.06%
Current line: 418. Progress: 37.97%
Current line: 421. Progress: 38.24%
Current line: 420. Progress: 38.15%
Current line: 423. Progress: 38.42%
Current line: 422. Progress: 38.33%
Current line: 425. Progress: 38.60%
Current line: 424. Progress: 38.51%
Current line: 427. Progress: 38.78%
Current line: 426. Progress: 38.69%
Current line: 429. Progress: 38.96%
Current line: 428. Progress: 38.87%
Current line: 431. Progress: 39.15%
Current line: 430. Progress: 39.06%
Current line: 433. Progress: 39.33%
Current line: 432. Progress: 39.24%
Current line: 435. Progress: 39.51%
Current line: 434. Progress: 39.42%
Current line: 437. Progress: 39.69%
Current line: 436. Progress: 39.60%
Current line: 439. Progress: 39.87%
Current line: 438. Progress: 39.78%
Current line: 441. Progress: 40.05%
Current line: 440. Progress: 39.96%
Current line: 443. Progress: 40.24%
Current line: 442. Progress: 40.15%
Current line: 445. Progress: 40.42%
Current line: 444. Progress: 40.33%
Current line: 447. Progress: 40.60%
Current line: 446. Progress: 40.51%
Current line: 449. Progress: 40.78%
Current line: 448. Progress: 40.69%
Current line: 451. Progress: 40.96%
Current line: 450. Progress: 40.87%
Current line: 453. Progress: 41.14%
Current line: 452. Progress: 41.05%
Current line: 455. Progress: 41.33%
Current line: 454. Progress: 41.24%
Current line: 457. Progress: 41.51%
Current line: 456. Progress: 41.42%
Current line: 459. Progress: 41.69%
Current line: 458. Progress: 41.60%
Current line: 461. Progress: 41.87%
Current line: 460. Progress: 41.78%
Current line: 463. Progress: 42.05%
Current line: 462. Progress: 41.96%
Current line: 465. Progress: 42.23%
Current line: 464. Progress: 42.14%
Current line: 467. Progress: 42.42%
Current line: 466. Progress: 42.33%
Current line: 469. Progress: 42.60%
Current line: 468. Progress: 42.51%
Current line: 471. Progress: 42.78%
Current line: 470. Progress: 42.69%
Current line: 473. Progress: 42.96%
Current line: 472. Progress: 42.87%
Current line: 475. Progress: 43.14%
Current line: 474. Progress: 43.05%
Current line: 477. Progress: 43.32%
Current line: 476. Progress: 43.23%
Current line: 479. Progress: 43.51%
Current line: 478. Progress: 43.42%
Current line: 481. Progress: 43.69%
Current line: 480. Progress: 43.60%
Current line: 483. Progress: 43.87%
Current line: 482. Progress: 43.78%
Current line: 485. Progress: 44.05%
Current line: 484. Progress: 43.96%
Current line: 487. Progress: 44.23%
Current line: 486. Progress: 44.14%
Current line: 489. Progress: 44.41%
Current line: 488. Progress: 44.32%
Current line: 491. Progress: 44.60%
Current line: 490. Progress: 44.50%
Current line: 493. Progress: 44.78%
Current line: 492. Progress: 44.69%
Current line: 495. Progress: 44.96%
Current line: 494. Progress: 44.87%
Current line: 497. Progress: 45.14%
Current line: 496. Progress: 45.05%
Current line: 499. Progress: 45.32%
Current line: 498. Progress: 45.23%
Current line: 501. Progress: 45.50%
Current line: 503. Progress: 45.69%
Current line: 500. Progress: 45.41%
Current line: 502. Progress: 45.59%
Current line: 505. Progress: 45.87%
Current line: 507. Progress: 46.05%
Current line: 504. Progress: 45.78%
Current line: 509. Progress: 46.23%
Current line: 506. Progress: 45.96%
Current line: 511. Progress: 46.41%
Current line: 508. Progress: 46.14%
Current line: 513. Progress: 46.59%
Current line: 510. Progress: 46.32%
Current line: 515. Progress: 46.78%
Current line: 512. Progress: 46.50%
Current line: 517. Progress: 46.96%
Current line: 514. Progress: 46.68%
Current line: 519. Progress: 47.14%
Current line: 516. Progress: 46.87%
Current line: 521. Progress: 47.32%
Current line: 518. Progress: 47.05%
Current line: 523. Progress: 47.50%
Current line: 520. Progress: 47.23%
Current line: 525. Progress: 47.68%
Current line: 522. Progress: 47.41%
Current line: 527. Progress: 47.87%
Current line: 524. Progress: 47.59%
Current line: 529. Progress: 48.05%
Current line: 526. Progress: 47.77%
Current line: 531. Progress: 48.23%
Current line: 528. Progress: 47.96%
Current line: 533. Progress: 48.41%
Current line: 530. Progress: 48.14%
Current line: 535. Progress: 48.59%
Current line: 532. Progress: 48.32%
Current line: 537. Progress: 48.77%
Current line: 534. Progress: 48.50%
Current line: 539. Progress: 48.96%
Current line: 536. Progress: 48.68%
Current line: 541. Progress: 49.14%
Current line: 538. Progress: 48.86%
Current line: 543. Progress: 49.32%
Current line: 540. Progress: 49.05%
Current line: 545. Progress: 49.50%
Current line: 542. Progress: 49.23%
Current line: 547. Progress: 49.68%
Current line: 544. Progress: 49.41%
Current line: 549. Progress: 49.86%
Current line: 546. Progress: 49.59%
Current line: 551. Progress: 50.05%
Current line: 548. Progress: 49.77%
Current line: 553. Progress: 50.23%
Current line: 550. Progress: 49.95%
Current line: 555. Progress: 50.41%
Current line: 552. Progress: 50.14%
Current line: 557. Progress: 50.59%
Current line: 554. Progress: 50.32%
Current line: 559. Progress: 50.77%
Current line: 556. Progress: 50.50%
Current line: 561. Progress: 50.95%
Current line: 558. Progress: 50.68%
Current line: 563. Progress: 51.14%
Current line: 560. Progress: 50.86%
Current line: 565. Progress: 51.32%
Current line: 562. Progress: 51.04%
Current line: 567. Progress: 51.50%
Current line: 564. Progress: 51.23%
Current line: 569. Progress: 51.68%
Current line: 566. Progress: 51.41%
Current line: 571. Progress: 51.86%
Current line: 568. Progress: 51.59%
Current line: 573. Progress: 52.04%
Current line: 570. Progress: 51.77%
Current line: 575. Progress: 52.23%
Current line: 572. Progress: 51.95%
Current line: 577. Progress: 52.41%
Current line: 574. Progress: 52.13%
Current line: 579. Progress: 52.59%
Current line: 576. Progress: 52.32%
Current line: 581. Progress: 52.77%
Current line: 578. Progress: 52.50%
Current line: 583. Progress: 52.95%
Current line: 580. Progress: 52.68%
Current line: 585. Progress: 53.13%
Current line: 582. Progress: 52.86%
Current line: 587. Progress: 53.32%
Current line: 584. Progress: 53.04%
Current line: 589. Progress: 53.50%
Current line: 586. Progress: 53.22%
Current line: 591. Progress: 53.68%
Current line: 588. Progress: 53.41%
Current line: 593. Progress: 53.86%
Current line: 590. Progress: 53.59%
Current line: 595. Progress: 54.04%
Current line: 592. Progress: 53.77%
Current line: 597. Progress: 54.22%
Current line: 594. Progress: 53.95%
Current line: 599. Progress: 54.41%
Current line: 596. Progress: 54.13%
Current line: 601. Progress: 54.59%
Current line: 598. Progress: 54.31%
Current line: 603. Progress: 54.77%
Current line: 600. Progress: 54.50%
Current line: 605. Progress: 54.95%
Current line: 602. Progress: 54.68%
Current line: 607. Progress: 55.13%
Current line: 604. Progress: 54.86%
Current line: 609. Progress: 55.31%
Current line: 606. Progress: 55.04%
Current line: 611. Progress: 55.50%
Current line: 608. Progress: 55.22%
Current line: 613. Progress: 55.68%
Current line: 610. Progress: 55.40%
Current line: 615. Progress: 55.86%
Current line: 612. Progress: 55.59%
Current line: 617. Progress: 56.04%
Current line: 614. Progress: 55.77%
Current line: 619. Progress: 56.22%
Current line: 616. Progress: 55.95%
Current line: 621. Progress: 56.40%
Current line: 618. Progress: 56.13%
Current line: 623. Progress: 56.58%
Current line: 620. Progress: 56.31%
Current line: 625. Progress: 56.77%
Current line: 622. Progress: 56.49%
Current line: 627. Progress: 56.95%
Current line: 624. Progress: 56.68%
Current line: 629. Progress: 57.13%
Current line: 626. Progress: 56.86%
Current line: 631. Progress: 57.31%
Current line: 628. Progress: 57.04%
Current line: 633. Progress: 57.49%
Current line: 630. Progress: 57.22%
Current line: 635. Progress: 57.67%
Current line: 632. Progress: 57.40%
Current line: 637. Progress: 57.86%
Current line: 634. Progress: 57.58%
Current line: 639. Progress: 58.04%
Current line: 636. Progress: 57.77%
Current line: 641. Progress: 58.22%
Current line: 638. Progress: 57.95%
Current line: 643. Progress: 58.40%
Current line: 640. Progress: 58.13%
Current line: 645. Progress: 58.58%
Current line: 642. Progress: 58.31%
Current line: 647. Progress: 58.76%
Current line: 644. Progress: 58.49%
Current line: 649. Progress: 58.95%
Current line: 646. Progress: 58.67%
Current line: 651. Progress: 59.13%
Current line: 648. Progress: 58.86%
Current line: 653. Progress: 59.31%
Current line: 650. Progress: 59.04%
Current line: 655. Progress: 59.49%
Current line: 652. Progress: 59.22%
Current line: 657. Progress: 59.67%
Current line: 654. Progress: 59.40%
Current line: 659. Progress: 59.85%
Current line: 656. Progress: 59.58%
Current line: 661. Progress: 60.04%
Current line: 658. Progress: 59.76%
Current line: 663. Progress: 60.22%
Current line: 660. Progress: 59.95%
Current line: 665. Progress: 60.40%
Current line: 662. Progress: 60.13%
Current line: 667. Progress: 60.58%
Current line: 664. Progress: 60.31%
Current line: 669. Progress: 60.76%
Current line: 666. Progress: 60.49%
Current line: 671. Progress: 60.94%
Current line: 668. Progress: 60.67%
Current line: 673. Progress: 61.13%
Current line: 670. Progress: 60.85%
Current line: 675. Progress: 61.31%
Current line: 672. Progress: 61.04%
Current line: 677. Progress: 61.49%
Current line: 674. Progress: 61.22%
Current line: 679. Progress: 61.67%
Current line: 676. Progress: 61.40%
Current line: 681. Progress: 61.85%
Current line: 678. Progress: 61.58%
Current line: 683. Progress: 62.03%
Current line: 680. Progress: 61.76%
Current line: 685. Progress: 62.22%
Current line: 682. Progress: 61.94%
Current line: 687. Progress: 62.40%
Current line: 684. Progress: 62.13%
Current line: 689. Progress: 62.58%
Current line: 686. Progress: 62.31%
Current line: 691. Progress: 62.76%
Current line: 688. Progress: 62.49%
Current line: 693. Progress: 62.94%
Current line: 690. Progress: 62.67%
Current line: 695. Progress: 63.12%
Current line: 692. Progress: 62.85%
Current line: 697. Progress: 63.31%
Current line: 694. Progress: 63.03%
Current line: 699. Progress: 63.49%
Current line: 696. Progress: 63.22%
Current line: 701. Progress: 63.67%
Current line: 698. Progress: 63.40%
Current line: 703. Progress: 63.85%
Current line: 700. Progress: 63.58%
Current line: 705. Progress: 64.03%
Current line: 707. Progress: 64.21%
Current line: 702. Progress: 63.76%
Current line: 709. Progress: 64.40%
Current line: 704. Progress: 63.94%
Current line: 711. Progress: 64.58%
Current line: 706. Progress: 64.12%
Current line: 713. Progress: 64.76%
Current line: 708. Progress: 64.31%
Current line: 715. Progress: 64.94%
Current line: 710. Progress: 64.49%
Current line: 717. Progress: 65.12%
Current line: 712. Progress: 64.67%
Current line: 719. Progress: 65.30%
Current line: 714. Progress: 64.85%
Current line: 721. Progress: 65.49%
Current line: 716. Progress: 65.03%
Current line: 723. Progress: 65.67%
Current line: 718. Progress: 65.21%
Current line: 725. Progress: 65.85%
Current line: 720. Progress: 65.40%
Current line: 727. Progress: 66.03%
Current line: 722. Progress: 65.58%
Current line: 729. Progress: 66.21%
Current line: 724. Progress: 65.76%
Current line: 731. Progress: 66.39%
Current line: 726. Progress: 65.94%
Current line: 733. Progress: 66.58%
Current line: 728. Progress: 66.12%
Current line: 735. Progress: 66.76%
Current line: 730. Progress: 66.30%
Current line: 737. Progress: 66.94%
Current line: 732. Progress: 66.49%
Current line: 739. Progress: 67.12%
Current line: 734. Progress: 66.67%
Current line: 741. Progress: 67.30%
Current line: 736. Progress: 66.85%
Current line: 743. Progress: 67.48%
Current line: 738. Progress: 67.03%
Current line: 745. Progress: 67.67%
Current line: 740. Progress: 67.21%
Current line: 747. Progress: 67.85%
Current line: 742. Progress: 67.39%
Current line: 749. Progress: 68.03%
Current line: 744. Progress: 67.57%
Current line: 751. Progress: 68.21%
Current line: 746. Progress: 67.76%
Current line: 753. Progress: 68.39%
Current line: 748. Progress: 67.94%
Current line: 755. Progress: 68.57%
Current line: 750. Progress: 68.12%
Current line: 757. Progress: 68.76%
Current line: 752. Progress: 68.30%
Current line: 759. Progress: 68.94%
Current line: 754. Progress: 68.48%
Current line: 761. Progress: 69.12%
Current line: 756. Progress: 68.66%
Current line: 763. Progress: 69.30%
Current line: 758. Progress: 68.85%
Current line: 765. Progress: 69.48%
Current line: 760. Progress: 69.03%
Current line: 767. Progress: 69.66%
Current line: 762. Progress: 69.21%
Current line: 769. Progress: 69.85%
Current line: 764. Progress: 69.39%
Current line: 771. Progress: 70.03%
Current line: 766. Progress: 69.57%
Current line: 773. Progress: 70.21%
Current line: 768. Progress: 69.75%
Current line: 775. Progress: 70.39%
Current line: 770. Progress: 69.94%
Current line: 777. Progress: 70.57%
Current line: 772. Progress: 70.12%
Current line: 779. Progress: 70.75%
Current line: 774. Progress: 70.30%
Current line: 781. Progress: 70.94%
Current line: 776. Progress: 70.48%
Current line: 783. Progress: 71.12%
Current line: 778. Progress: 70.66%
Current line: 785. Progress: 71.30%
Current line: 780. Progress: 70.84%
Current line: 787. Progress: 71.48%
Current line: 782. Progress: 71.03%
Current line: 789. Progress: 71.66%
Current line: 784. Progress: 71.21%
Current line: 791. Progress: 71.84%
Current line: 786. Progress: 71.39%
Current line: 793. Progress: 72.03%
Current line: 788. Progress: 71.57%
Current line: 795. Progress: 72.21%
Current line: 790. Progress: 71.75%
Current line: 797. Progress: 72.39%
Current line: 792. Progress: 71.93%
Current line: 799. Progress: 72.57%
Current line: 794. Progress: 72.12%
Current line: 801. Progress: 72.75%
Current line: 796. Progress: 72.30%
Current line: 803. Progress: 72.93%
Current line: 798. Progress: 72.48%
Current line: 805. Progress: 73.12%
Current line: 800. Progress: 72.66%
Current line: 807. Progress: 73.30%
Current line: 802. Progress: 72.84%
Current line: 809. Progress: 73.48%
Current line: 804. Progress: 73.02%
Current line: 811. Progress: 73.66%
Current line: 806. Progress: 73.21%
Current line: 813. Progress: 73.84%
Current line: 808. Progress: 73.39%
Current line: 815. Progress: 74.02%
Current line: 810. Progress: 73.57%
Current line: 817. Progress: 74.21%
Current line: 812. Progress: 73.75%
Current line: 819. Progress: 74.39%
Current line: 814. Progress: 73.93%
Current line: 821. Progress: 74.57%
Current line: 816. Progress: 74.11%
Current line: 823. Progress: 74.75%
Current line: 818. Progress: 74.30%
Current line: 825. Progress: 74.93%
Current line: 820. Progress: 74.48%
Current line: 827. Progress: 75.11%
Current line: 822. Progress: 74.66%
Current line: 829. Progress: 75.30%
Current line: 824. Progress: 74.84%
Current line: 831. Progress: 75.48%
Current line: 826. Progress: 75.02%
Current line: 833. Progress: 75.66%
Current line: 828. Progress: 75.20%
Current line: 835. Progress: 75.84%
Current line: 830. Progress: 75.39%
Current line: 837. Progress: 76.02%
Current line: 832. Progress: 75.57%
Current line: 839. Progress: 76.20%
Current line: 834. Progress: 75.75%
Current line: 841. Progress: 76.39%
Current line: 836. Progress: 75.93%
Current line: 843. Progress: 76.57%
Current line: 838. Progress: 76.11%
Current line: 845. Progress: 76.75%
Current line: 840. Progress: 76.29%
Current line: 847. Progress: 76.93%
Current line: 842. Progress: 76.48%
Current line: 849. Progress: 77.11%
Current line: 844. Progress: 76.66%
Current line: 851. Progress: 77.29%
Current line: 846. Progress: 76.84%
Current line: 853. Progress: 77.48%
Current line: 848. Progress: 77.02%
Current line: 855. Progress: 77.66%
Current line: 850. Progress: 77.20%
Current line: 857. Progress: 77.84%
Current line: 852. Progress: 77.38%
Current line: 859. Progress: 78.02%
Current line: 854. Progress: 77.57%
Current line: 861. Progress: 78.20%
Current line: 856. Progress: 77.75%
Current line: 863. Progress: 78.38%
Current line: 858. Progress: 77.93%
Current line: 865. Progress: 78.56%
Current line: 860. Progress: 78.11%
Current line: 867. Progress: 78.75%
Current line: 862. Progress: 78.29%
Current line: 869. Progress: 78.93%
Current line: 864. Progress: 78.47%
Current line: 871. Progress: 79.11%
Current line: 866. Progress: 78.66%
Current line: 873. Progress: 79.29%
Current line: 868. Progress: 78.84%
Current line: 875. Progress: 79.47%
Current line: 870. Progress: 79.02%
Current line: 877. Progress: 79.65%
Current line: 872. Progress: 79.20%
Current line: 879. Progress: 79.84%
Current line: 874. Progress: 79.38%
Current line: 881. Progress: 80.02%
Current line: 876. Progress: 79.56%
Current line: 883. Progress: 80.20%
Current line: 878. Progress: 79.75%
Current line: 885. Progress: 80.38%
Current line: 880. Progress: 79.93%
Current line: 887. Progress: 80.56%
Current line: 882. Progress: 80.11%
Current line: 889. Progress: 80.74%
Current line: 884. Progress: 80.29%
Current line: 891. Progress: 80.93%
Current line: 886. Progress: 80.47%
Current line: 893. Progress: 81.11%
Current line: 888. Progress: 80.65%
Current line: 895. Progress: 81.29%
Current line: 890. Progress: 80.84%
Current line: 897. Progress: 81.47%
Current line: 892. Progress: 81.02%
Current line: 899. Progress: 81.65%
Current line: 894. Progress: 81.20%
Current line: 901. Progress: 81.83%
Current line: 896. Progress: 81.38%
Current line: 903. Progress: 82.02%
Current line: 898. Progress: 81.56%
Current line: 905. Progress: 82.20%
Current line: 907. Progress: 82.38%
Current line: 900. Progress: 81.74%
Current line: 909. Progress: 82.56%
Current line: 902. Progress: 81.93%
Current line: 911. Progress: 82.74%
Current line: 904. Progress: 82.11%
Current line: 913. Progress: 82.92%
Current line: 906. Progress: 82.29%
Current line: 915. Progress: 83.11%
Current line: 908. Progress: 82.47%
Current line: 917. Progress: 83.29%
Current line: 910. Progress: 82.65%
Current line: 919. Progress: 83.47%
Current line: 912. Progress: 82.83%
Current line: 921. Progress: 83.65%
Current line: 914. Progress: 83.02%
Current line: 923. Progress: 83.83%
Current line: 916. Progress: 83.20%
Current line: 925. Progress: 84.01%
Current line: 918. Progress: 83.38%
Current line: 927. Progress: 84.20%
Current line: 920. Progress: 83.56%
Current line: 929. Progress: 84.38%
Current line: 922. Progress: 83.74%
Current line: 931. Progress: 84.56%
Current line: 924. Progress: 83.92%
Current line: 933. Progress: 84.74%
Current line: 926. Progress: 84.11%
Current line: 935. Progress: 84.92%
Current line: 928. Progress: 84.29%
Current line: 937. Progress: 85.10%
Current line: 930. Progress: 84.47%
Current line: 939. Progress: 85.29%
Current line: 932. Progress: 84.65%
Current line: 941. Progress: 85.47%
Current line: 934. Progress: 84.83%
Current line: 943. Progress: 85.65%
Current line: 936. Progress: 85.01%
Current line: 945. Progress: 85.83%
Current line: 938. Progress: 85.20%
Current line: 947. Progress: 86.01%
Current line: 940. Progress: 85.38%
Current line: 949. Progress: 86.19%
Current line: 942. Progress: 85.56%
Current line: 951. Progress: 86.38%
Current line: 944. Progress: 85.74%
Current line: 953. Progress: 86.56%
Current line: 946. Progress: 85.92%
Current line: 955. Progress: 86.74%
Current line: 948. Progress: 86.10%
Current line: 957. Progress: 86.92%
Current line: 950. Progress: 86.29%
Current line: 959. Progress: 87.10%
Current line: 952. Progress: 86.47%
Current line: 961. Progress: 87.28%
Current line: 954. Progress: 86.65%
Current line: 963. Progress: 87.47%
Current line: 956. Progress: 86.83%
Current line: 965. Progress: 87.65%
Current line: 958. Progress: 87.01%
Current line: 967. Progress: 87.83%
Current line: 960. Progress: 87.19%
Current line: 969. Progress: 88.01%
Current line: 962. Progress: 87.38%
Current line: 971. Progress: 88.19%
Current line: 964. Progress: 87.56%
Current line: 973. Progress: 88.37%
Current line: 966. Progress: 87.74%
Current line: 975. Progress: 88.56%
Current line: 968. Progress: 87.92%
Current line: 977. Progress: 88.74%
Current line: 970. Progress: 88.10%
Current line: 979. Progress: 88.92%
Current line: 972. Progress: 88.28%
Current line: 981. Progress: 89.10%
Current line: 974. Progress: 88.47%
Current line: 983. Progress: 89.28%
Current line: 976. Progress: 88.65%
Current line: 985. Progress: 89.46%
Current line: 978. Progress: 88.83%
Current line: 987. Progress: 89.65%
Current line: 980. Progress: 89.01%
Current line: 989. Progress: 89.83%
Current line: 982. Progress: 89.19%
Current line: 991. Progress: 90.01%
Current line: 984. Progress: 89.37%
Current line: 993. Progress: 90.19%
Current line: 986. Progress: 89.55%
Current line: 995. Progress: 90.37%
Current line: 988. Progress: 89.74%
Current line: 997. Progress: 90.55%
Current line: 990. Progress: 89.92%
Current line: 999. Progress: 90.74%
Current line: 992. Progress: 90.10%
Current line: 1001. Progress: 90.92%
Current line: 994. Progress: 90.28%
Current line: 1003. Progress: 91.10%
Current line: 996. Progress: 90.46%
Current line: 1005. Progress: 91.28%
Current line: 998. Progress: 90.64%
Current line: 1007. Progress: 91.46%
Current line: 1000. Progress: 90.83%
Current line: 1009. Progress: 91.64%
Current line: 1002. Progress: 91.01%
Current line: 1011. Progress: 91.83%
Current line: 1004. Progress: 91.19%
Current line: 1013. Progress: 92.01%
Current line: 1006. Progress: 91.37%
Current line: 1015. Progress: 92.19%
Current line: 1008. Progress: 91.55%
Current line: 1017. Progress: 92.37%
Current line: 1010. Progress: 91.73%
Current line: 1019. Progress: 92.55%
Current line: 1012. Progress: 91.92%
Current line: 1021. Progress: 92.73%
Current line: 1014. Progress: 92.10%
Current line: 1023. Progress: 92.92%
Current line: 1016. Progress: 92.28%
Current line: 1025. Progress: 93.10%
Current line: 1018. Progress: 92.46%
Current line: 1027. Progress: 93.28%
Current line: 1020. Progress: 92.64%
Current line: 1029. Progress: 93.46%
Current line: 1022. Progress: 92.82%
Current line: 1031. Progress: 93.64%
Current line: 1024. Progress: 93.01%
Current line: 1033. Progress: 93.82%
Current line: 1026. Progress: 93.19%
Current line: 1035. Progress: 94.01%
Current line: 1028. Progress: 93.37%
Current line: 1037. Progress: 94.19%
Current line: 1030. Progress: 93.55%
Current line: 1039. Progress: 94.37%
Current line: 1032. Progress: 93.73%
Current line: 1041. Progress: 94.55%
Current line: 1034. Progress: 93.91%
Current line: 1043. Progress: 94.73%
Current line: 1036. Progress: 94.10%
Current line: 1045. Progress: 94.91%
Current line: 1038. Progress: 94.28%
Current line: 1047. Progress: 95.10%
Current line: 1040. Progress: 94.46%
Current line: 1049. Progress: 95.28%
Current line: 1042. Progress: 94.64%
Current line: 1051. Progress: 95.46%
Current line: 1044. Progress: 94.82%
Current line: 1053. Progress: 95.64%
Current line: 1046. Progress: 95.00%
Current line: 1055. Progress: 95.82%
Current line: 1048. Progress: 95.19%
Current line: 1057. Progress: 96.00%
Current line: 1050. Progress: 95.37%
Current line: 1059. Progress: 96.19%
Current line: 1052. Progress: 95.55%
Current line: 1061. Progress: 96.37%
Current line: 1063. Progress: 96.55%
Current line: 1054. Progress: 95.73%
Current line: 1065. Progress: 96.73%
Current line: 1056. Progress: 95.91%
Current line: 1067. Progress: 96.91%
Current line: 1058. Progress: 96.09%
Current line: 1069. Progress: 97.09%
Current line: 1060. Progress: 96.28%
Current line: 1071. Progress: 97.28%
Current line: 1062. Progress: 96.46%
Current line: 1073. Progress: 97.46%
Current line: 1064. Progress: 96.64%
Current line: 1075. Progress: 97.64%
Current line: 1066. Progress: 96.82%
Current line: 1077. Progress: 97.82%
Current line: 1068. Progress: 97.00%
Current line: 1079. Progress: 98.00%
Current line: 1070. Progress: 97.18%
Current line: 1081. Progress: 98.18%
Current line: 1072. Progress: 97.37%
Current line: 1083. Progress: 98.37%
Current line: 1074. Progress: 97.55%
Current line: 1085. Progress: 98.55%
Current line: 1076. Progress: 97.73%
Current line: 1087. Progress: 98.73%
Current line: 1078. Progress: 97.91%
Current line: 1089. Progress: 98.91%
Current line: 1080. Progress: 98.09%
Current line: 1091. Progress: 99.09%
Current line: 1082. Progress: 98.27%
Current line: 1093. Progress: 99.27%
Current line: 1084. Progress: 98.46%
Current line: 1095. Progress: 99.46%
Current line: 1086. Progress: 98.64%
Current line: 1097. Progress: 99.64%
Current line: 1088. Progress: 98.82%
Current line: 1099. Progress: 99.82%
Current line: 1090. Progress: 99.00%
Current line: 1092. Progress: 99.18%
Current line: 1094. Progress: 99.36%
Current line: 1096. Progress: 99.55%
Current line: 1098. Progress: 99.73%
Current line: 1100. Progress: 99.91%
Slurm Jobs done Fri Dec 4 10:58:31 PST 2020
